============================= test session starts =============================
platform win32 -- Python 3.14.2, pytest-9.0.2, pluggy-1.6.0
rootdir: C:\GitHub Project\TableauToPowerBI
configfile: pyproject.toml
testpaths: tests
plugins: cov-7.0.0
collected 8833 items

tests\test_advanced_formulas.py ..............................           [  0%]
tests\test_aggregation_context.py .....x                                 [  0%]
tests\test_alerts_generator.py .......................................   [  0%]
tests\test_analytics_pane.py ..............................              [  1%]
tests\test_annotation_map.py ........................................... [  1%]
..                                                                       [  1%]
tests\test_api_v2.py ...........................                         [  2%]
tests\test_artifact_diff.py ............................................ [  2%]
..........................                                               [  2%]
tests\test_assessment.py ............................................... [  3%]
........                                                                 [  3%]
tests\test_assessment_expansion.py ........................              [  3%]
tests\test_automation.py ............................................... [  4%]
....................                                                     [  4%]
tests\test_backlog.py .................................................. [  5%]
............................................................             [  5%]
tests\test_bulk_assessment.py ......                                     [  5%]
tests\test_bundle_deployer.py .................................          [  6%]
tests\test_cli_refactor.py .................................             [  6%]
tests\test_cli_wiring.py .......................                         [  6%]
tests\test_comparison_report.py ....................                     [  6%]
tests\test_composite_model.py ................................           [  7%]
tests\test_conditional_formatting.py .......................             [  7%]
tests\test_connector_dax_sprints.py ...................                  [  7%]
tests\test_conversion_accuracy.py ...................................... [  8%]
......                                                                   [  8%]
tests\test_copilot_readiness.py ........................................ [  8%]
.............                                                            [  8%]
tests\test_coverage_sprint140.py ....................................... [  9%]
....                                                                     [  9%]
tests\test_coverage_sprint26.py ........................................ [  9%]
........................................................................ [ 10%]
.............                                                            [ 10%]
tests\test_credential_vault.py ......................................... [ 11%]
..............................                                           [ 11%]
tests\test_cross_validator.py ...........................                [ 11%]
tests\test_cross_workload.py ..........................                  [ 12%]
tests\test_cutover_manager.py ...............                            [ 12%]
tests\test_datasource_extractor.py ..................................... [ 12%]
................................                                         [ 13%]
tests\test_dax_converter.py ............................................ [ 13%]
........................................................................ [ 14%]
.....................................................                    [ 15%]
tests\test_dax_converter_coverage_push.py .............................. [ 15%]
........................................................................ [ 16%]
........................................................................ [ 17%]
............                                                             [ 17%]
tests\test_dax_coverage.py ............................................. [ 17%]
............F........................................................... [ 18%]
........................................................................ [ 19%]
...............                                                          [ 19%]
tests\test_dax_depth.py ...................                              [ 19%]
tests\test_dax_fixture_corpus.py ..                                      [ 19%]
tests\test_dax_optimizer.py ............................................ [ 20%]
                                                                         [ 20%]
tests\test_dax_property.py .............                                 [ 20%]
tests\test_dax_validator_phase3.py ....................                  [ 20%]
tests\test_deploy_auth.py ...........                                    [ 20%]
tests\test_deploy_hardening.py ............................              [ 21%]
tests\test_dynamic_formatting.py ....................................... [ 21%]
.........                                                                [ 21%]
tests\test_edge_cases.py ..............................                  [ 21%]
tests\test_enterprise_features.py .....................                  [ 22%]
tests\test_enterprise_scale.py ............                              [ 22%]
tests\test_equivalence.py ............................                   [ 22%]
tests\test_equivalence_ci.py ...s....s....s....s....s....s....s....s.... [ 23%]
s....s....s.                                                             [ 23%]
tests\test_error_handling_v2.py .................................        [ 23%]
tests\test_error_paths.py .............................................. [ 24%]
...........................................                              [ 24%]
tests\test_extract_coverage.py ......................................... [ 25%]
.......................................                                  [ 25%]
tests\test_extract_tableau_data.py ..................................... [ 25%]
........................................................................ [ 26%]
.......................                                                  [ 27%]
tests\test_extraction.py .............................                   [ 27%]
tests\test_extraction_gaps.py ........                                   [ 27%]
tests\test_fabric_integration.py ...........................             [ 27%]
tests\test_fabric_native.py ............................................ [ 28%]
...................................................                      [ 28%]
tests\test_feature_gaps.py ............................................  [ 29%]
tests\test_feedback_loop.py ..............................               [ 29%]
tests\test_gap_implementations.py ...................................... [ 30%]
............                                                             [ 30%]
tests\test_gap_optimization.py .........F.FF................             [ 30%]
tests\test_gateway_config.py .............................               [ 30%]
tests\test_generation_coverage.py ...................................... [ 31%]
........................................................................ [ 32%]
........................................................................ [ 32%]
......                                                                   [ 33%]
tests\test_global_assessment.py ...........................              [ 33%]
tests\test_goals_generator.py ........................                   [ 33%]
tests\test_governance.py ............................................... [ 34%]
........                                                                 [ 34%]
tests\test_html_template.py ............................................ [ 34%]
..................................                                       [ 35%]
tests\test_hyper_depth.py ..............................                 [ 35%]
tests\test_hyper_improvements.py .....................                   [ 35%]
tests\test_hyper_reader.py ............................................. [ 36%]
............                                                             [ 36%]
tests\test_hyper_reader_sprint157.py ..........                          [ 36%]
tests\test_import_to_powerbi.py ...................                      [ 36%]
tests\test_incremental.py ..........................                     [ 36%]
tests\test_incremental_merge.py ........................................ [ 37%]
......                                                                   [ 37%]
tests\test_incremental_refresh.py ...................................... [ 37%]
................                                                         [ 38%]
tests\test_incremental_sprint168.py .........                            [ 38%]
tests\test_infrastructure.py ....................................        [ 38%]
tests\test_integration.py ...............                                [ 38%]
tests\test_layout_engine.py ..........................................   [ 39%]
tests\test_layout_regression.py .........................                [ 39%]
tests\test_live_sync.py ...................                              [ 39%]
tests\test_llm_client.py ..........................................      [ 40%]
tests\test_m_connectors_v2.py ...............                            [ 40%]
tests\test_m_query_builder.py .......................................... [ 40%]
........................................................................ [ 41%]
.................................................                        [ 42%]
tests\test_m_query_generator.py ......................................   [ 42%]
tests\test_m_transforms_v2.py ............                               [ 42%]
tests\test_m_validation_gate.py .......                                  [ 42%]
tests\test_m_validator.py .....................................          [ 43%]
tests\test_merge_artifacts.py .......................................... [ 43%]
.............                                                            [ 43%]
tests\test_merge_config.py ................                              [ 44%]
tests\test_merge_extensions.py ........................................  [ 44%]
tests\test_merge_integration.py ...............                          [ 44%]
tests\test_merge_lineage.py ......................                       [ 44%]
tests\test_merge_performance.py ssssssssss                               [ 45%]
tests\test_merge_report_html.py ........................                 [ 45%]
tests\test_merge_validation.py ......................................... [ 45%]
................                                                         [ 46%]
tests\test_migration.py ss........                                       [ 46%]
tests\test_migration_config.py ............................              [ 46%]
tests\test_migration_planner.py .....................                    [ 46%]
tests\test_migration_report.py ......................................... [ 47%]
....                                                                     [ 47%]
tests\test_migration_validation.py ..............                        [ 47%]
tests\test_multi_tenant.py ..........................                    [ 47%]
tests\test_mutation.py ............                                      [ 47%]
tests\test_new_features.py ............................................. [ 48%]
..........................................                               [ 48%]
tests\test_non_regression.py sssssssssssss.............................. [ 49%]
........................................................................ [ 50%]
.......                                                                  [ 50%]
tests\test_notebook_api.py ...................................           [ 50%]
tests\test_observability.py ............................                 [ 50%]
tests\test_pbi_desktop_validation.py ..................................  [ 51%]
tests\test_pbi_service.py .............................................. [ 51%]
.........                                                                [ 51%]
tests\test_pbip_coverage_push.py ....................................... [ 52%]
......                                                                   [ 52%]
tests\test_pbip_generator.py ........................................... [ 52%]
...                                                                      [ 52%]
tests\test_pbip_generator_coverage.py .................................. [ 53%]
........................................................................ [ 54%]
........................................................................ [ 54%]
......................................................                   [ 55%]
tests\test_perf_benchmark.py .......                                     [ 55%]
tests\test_performance.py ...........                                    [ 55%]
tests\test_performance_regression.py ...................                 [ 55%]
tests\test_permission_mapping.py ...............                         [ 56%]
tests\test_phase_c_dax_m_hardening.py .................................. [ 56%]
.............                                                            [ 56%]
tests\test_phase_d_e_coverage.py ....................................... [ 57%]
........                                                                 [ 57%]
tests\test_phase_l_dax_coverage.py FFF.................................. [ 57%]
..................                                                       [ 57%]
tests\test_plugins_progress.py ......................................... [ 58%]
........                                                                 [ 58%]
tests\test_portfolio_intelligence.py ......................              [ 58%]
tests\test_preceptor.py ...............................................  [ 59%]
tests\test_preflight.py ..............................                   [ 59%]
tests\test_prep_flow_parser.py ......................................... [ 59%]
.......................................................................  [ 60%]
tests\test_prep_lineage.py ............................................. [ 61%]
..............................................                           [ 61%]
tests\test_production_scale.py ..................................        [ 62%]
tests\test_property_based.py .........                                   [ 62%]
tests\test_published_ds_resolution.py ..............                     [ 62%]
tests\test_pulse_extractor.py ....................................       [ 62%]
tests\test_real_world_e2e.py ssssssssssssss............................. [ 63%]
.........................................ssssssssssssss................. [ 64%]
........................................................................ [ 64%]
........................................................................ [ 65%]
........................................................................ [ 66%]
........................................................................ [ 67%]
........                                                                 [ 67%]
tests\test_recovery_report_html.py .....                                 [ 67%]
tests\test_refresh_generator.py ......................................   [ 67%]
tests\test_regex_anchors.py ..                                           [ 67%]
tests\test_repair_strategies.py ..........................               [ 68%]
tests\test_report_packaging.py ..................................        [ 68%]
tests\test_rls_consolidation.py ...............................          [ 69%]
tests\test_rollback_engine.py ...................................        [ 69%]
tests\test_safe_xml.py ...........                                       [ 69%]
tests\test_schema_validator.py ......................................... [ 69%]
............                                                             [ 70%]
tests\test_script_visual.py ............                                 [ 70%]
tests\test_security.py ................................................. [ 70%]
...............                                                          [ 70%]
tests\test_self_healing.py ............................................. [ 71%]
.....................................                                    [ 71%]
tests\test_self_healing_report.py ...................................... [ 72%]
.....................                                                    [ 72%]
tests\test_self_healing_report_phase5.py ............................... [ 72%]
                                                                         [ 72%]
tests\test_self_healing_v3.py .......................................... [ 73%]
........................................................................ [ 74%]
................................................                         [ 74%]
tests\test_self_healing_v3_phase4.py ..................................  [ 75%]
tests\test_server_assessment.py .....................                    [ 75%]
tests\test_server_client.py ......................................       [ 75%]
tests\test_server_client_v2.py ...................                       [ 76%]
tests\test_server_discovery.py ..............                            [ 76%]
tests\test_server_e2e.py .......                                         [ 76%]
tests\test_set_actions.py ................................               [ 76%]
tests\test_shared_model.py ............................................. [ 77%]
....................................                                     [ 77%]
tests\test_shared_model_fabric.py ............                           [ 77%]
tests\test_shared_model_v2.py .......................................... [ 78%]
.......................                                                  [ 78%]
tests\test_site_discovery.py ........                                    [ 78%]
tests\test_slicer_intelligence.py ....................................   [ 78%]
tests\test_snapshot.py ............                                      [ 79%]
tests\test_sprint109_hyper_inlining.py ...............                   [ 79%]
tests\test_sprint110_api_server.py .....................                 [ 79%]
tests\test_sprint111_schema_drift.py .........................           [ 79%]
tests\test_sprint132.py ............                                     [ 79%]
tests\test_sprint171_sparkline_variants.py ............................. [ 80%]
.................                                                        [ 80%]
tests\test_sprint172_motion_chart.py .............................       [ 80%]
tests\test_sprint173_nested_containers.py .............................. [ 81%]
..                                                                       [ 81%]
tests\test_sprint174_rich_tooltips.py ...........................        [ 81%]
tests\test_sprint28.py ................................................. [ 81%]
.........................                                                [ 82%]
tests\test_sprint29.py ................................................. [ 82%]
.                                                                        [ 82%]
tests\test_sprint31.py ........................................s..       [ 83%]
tests\test_sprint46.py ................................................. [ 83%]
..                                                                       [ 83%]
tests\test_sprint47.py ..................                                [ 84%]
tests\test_sprint_13.py ................................................ [ 84%]
.....                                                                    [ 84%]
tests\test_sprint_features.py .......................................... [ 85%]
....................................                                     [ 85%]
tests\test_sql_fingerprint.py ...........................                [ 85%]
tests\test_standalone_prep.py ................                           [ 86%]
tests\test_strategy_advisor.py ..........................                [ 86%]
tests\test_subscription_migration.py .............                       [ 86%]
tests\test_subscription_migrator.py ............                         [ 86%]
tests\test_tableau_2024.py .............................                 [ 86%]
tests\test_telemetry.py .........................................        [ 87%]
tests\test_telemetry_dashboard.py ..................                     [ 87%]
tests\test_telemetry_v3.py ....................                          [ 87%]
tests\test_thin_report_generator.py ....................                 [ 88%]
tests\test_thin_report_validation.py ................................... [ 88%]
....                                                                     [ 88%]
tests\test_tmdl_coverage_push.py ....................................... [ 88%]
........................................................                 [ 89%]
tests\test_tmdl_generator.py F......F................................... [ 90%]
........................................................................ [ 90%]
                                                                         [ 90%]
tests\test_tmdl_generator_coverage.py .................................. [ 91%]
........................................................................ [ 92%]
.........................................                                [ 92%]
tests\test_v23_integration.py FFF.............s..........                [ 92%]
tests\test_v25_integration.py ..........F............                    [ 93%]
tests\test_v27_sprints.py .............................................. [ 93%]
..........................                                               [ 93%]
tests\test_v28_features.py ............................................. [ 94%]
.................................................                        [ 95%]
tests\test_v38_e2e.py .........................                          [ 95%]
tests\test_v51_features.py .....F....................................... [ 95%]
.......                                                                  [ 95%]
tests\test_v5_features.py .............................................. [ 96%]
..........................                                               [ 96%]
tests\test_validator_depth.py .............................              [ 97%]
tests\test_visual_approximations.py .................................... [ 97%]
............                                                             [ 97%]
tests\test_visual_diff.py ..........................                     [ 97%]
tests\test_visual_fidelity.py ....................                       [ 98%]
tests\test_visual_fidelity_v2.py .........................               [ 98%]
tests\test_visual_generator.py ......................................... [ 98%]
........................                                                 [ 99%]
tests\test_visual_generator_coverage.py ................................ [ 99%]
.......................                                                  [ 99%]
tests\test_wizard.py ........................                            [100%]

=========================== short test summary info ===========================
FAILED tests/test_dax_coverage.py::TestTableCalcAdvanced::test_index_to_rankx
FAILED tests/test_gap_optimization.py::TestIndexROWNUMBER::test_index_basic
FAILED tests/test_gap_optimization.py::TestIndexROWNUMBER::test_index_divided_by_size
FAILED tests/test_gap_optimization.py::TestIndexROWNUMBER::test_index_in_if
FAILED tests/test_phase_l_dax_coverage.py::TestIndexInCompound::test_index_divided_by_size
FAILED tests/test_phase_l_dax_coverage.py::TestIndexInCompound::test_index_in_if
FAILED tests/test_phase_l_dax_coverage.py::TestIndexInCompound::test_index_standalone
FAILED tests/test_tmdl_generator.py::TestQuoteName::test_empty_string - Asser...
FAILED tests/test_tmdl_generator.py::TestQuoteName::test_numeric_only - Asser...
FAILED tests/test_v23_integration.py::TestVersionBump::test_init_version - As...
FAILED tests/test_v23_integration.py::TestVersionBump::test_pyproject_version
FAILED tests/test_v23_integration.py::TestDaxGapAndAccuracyCombined::test_index_rownumber
FAILED tests/test_v25_integration.py::TestVersionBump::test_version - Asserti...
FAILED tests/test_v51_features.py::TestIndexConversion::test_index_basic - As...
===== 14 failed, 8752 passed, 66 skipped, 1 xfailed in 239.52s (0:03:59) ======
